Running in Lattice mode


Starting:    C:\lscc\iCEcube2.2017.01\synpbase\bin64\mbin\synbatch.exe
Install:     C:\lscc\iCEcube2.2017.01\synpbase
Hostname:    LAPOT
Date:        Thu Jun 29 23:31:11 2017
Version:     L-2016.09L+ice40

Arguments:   -product synplify_pro -batch rgb_led_syn.prj
ProductType: synplify_pro





log file: "D:\Drive\Projects\Lattice FPGA\Projects\reg_led\rgb_led\rgb_led_Implmnt\rgb_led.srr"
Running: rgb_led_Implmnt in foreground

Running rgb_led_syn|rgb_led_Implmnt

Running: compile (Compile) on rgb_led_syn|rgb_led_Implmnt
# Thu Jun 29 23:31:11 2017

Running: compile_flow (Compile Process) on rgb_led_syn|rgb_led_Implmnt
# Thu Jun 29 23:31:11 2017

Running: compiler (Compile Input) on rgb_led_syn|rgb_led_Implmnt
# Thu Jun 29 23:31:11 2017
Copied D:\Drive\Projects\Lattice FPGA\Projects\reg_led\rgb_led\rgb_led_Implmnt\synwork\rgb_led_comp.srs to D:\Drive\Projects\Lattice FPGA\Projects\reg_led\rgb_led\rgb_led_Implmnt\rgb_led.srs

compiler completed
# Thu Jun 29 23:31:13 2017

Return Code: 0
Run Time:00h:00m:02s

Running: multi_srs_gen (Multi-srs Generator) on rgb_led_syn|rgb_led_Implmnt
# Thu Jun 29 23:31:13 2017

multi_srs_gen completed
# Thu Jun 29 23:31:13 2017

Return Code: 0
Run Time:00h:00m:00s
Copied D:\Drive\Projects\Lattice FPGA\Projects\reg_led\rgb_led\rgb_led_Implmnt\synwork\rgb_led_mult.srs to D:\Drive\Projects\Lattice FPGA\Projects\reg_led\rgb_led\rgb_led_Implmnt\rgb_led.srs
Complete: Compile Process on rgb_led_syn|rgb_led_Implmnt

Running: premap (Pre-mapping) on rgb_led_syn|rgb_led_Implmnt
# Thu Jun 29 23:31:13 2017

premap completed
# Thu Jun 29 23:31:15 2017

Return Code: 0
Run Time:00h:00m:02s
Complete: Compile on rgb_led_syn|rgb_led_Implmnt

Running: map (Map) on rgb_led_syn|rgb_led_Implmnt
# Thu Jun 29 23:31:15 2017
License granted for 4 parallel jobs

Running: fpga_mapper (Map & Optimize) on rgb_led_syn|rgb_led_Implmnt
# Thu Jun 29 23:31:15 2017
Copied D:\Drive\Projects\Lattice FPGA\Projects\reg_led\rgb_led\rgb_led_Implmnt\synwork\rgb_led_m.srm to D:\Drive\Projects\Lattice FPGA\Projects\reg_led\rgb_led\rgb_led_Implmnt\rgb_led.srm

fpga_mapper completed with warnings
# Thu Jun 29 23:31:48 2017

Return Code: 1
Run Time:00h:00m:33s
Complete: Map on rgb_led_syn|rgb_led_Implmnt
Complete: Logic Synthesis on rgb_led_syn|rgb_led_Implmnt

exit status=0

exit status=0

