Running in Lattice mode


Starting:    C:\lscc\iCEcube2.2017.01\synpbase\bin64\mbin\synbatch.exe
Install:     C:\lscc\iCEcube2.2017.01\synpbase
Hostname:    DESKTOP-AAV3UBS
Date:        Sat Jul 15 13:55:13 2017
Version:     L-2016.09L+ice40

Arguments:   -product synplify_pro -batch template_project_syn.prj
ProductType: synplify_pro





log file: "K:\Drive\Projects\Lattice FPGA\Projects\template_project\template_project\template_project_Implmnt\template_project.srr"
Running: template_project_Implmnt in foreground

Running template_project_syn|template_project_Implmnt

Running: compile (Compile) on template_project_syn|template_project_Implmnt
# Sat Jul 15 13:55:13 2017

Running: compile_flow (Compile Process) on template_project_syn|template_project_Implmnt
# Sat Jul 15 13:55:13 2017

Running: compiler (Compile Input) on template_project_syn|template_project_Implmnt
# Sat Jul 15 13:55:13 2017
Copied K:\Drive\Projects\Lattice FPGA\Projects\template_project\template_project\template_project_Implmnt\synwork\template_project_comp.srs to K:\Drive\Projects\Lattice FPGA\Projects\template_project\template_project\template_project_Implmnt\template_project.srs

compiler completed
# Sat Jul 15 13:55:15 2017

Return Code: 0
Run Time:00h:00m:02s

Running: multi_srs_gen (Multi-srs Generator) on template_project_syn|template_project_Implmnt
# Sat Jul 15 13:55:15 2017

multi_srs_gen completed
# Sat Jul 15 13:55:15 2017

Return Code: 0
Run Time:00h:00m:00s
Copied K:\Drive\Projects\Lattice FPGA\Projects\template_project\template_project\template_project_Implmnt\synwork\template_project_mult.srs to K:\Drive\Projects\Lattice FPGA\Projects\template_project\template_project\template_project_Implmnt\template_project.srs
Complete: Compile Process on template_project_syn|template_project_Implmnt

Running: premap (Pre-mapping) on template_project_syn|template_project_Implmnt
# Sat Jul 15 13:55:15 2017

premap completed
# Sat Jul 15 13:55:16 2017

Return Code: 0
Run Time:00h:00m:01s
Complete: Compile on template_project_syn|template_project_Implmnt

Running: map (Map) on template_project_syn|template_project_Implmnt
# Sat Jul 15 13:55:16 2017
License granted for 4 parallel jobs

Running: fpga_mapper (Map & Optimize) on template_project_syn|template_project_Implmnt
# Sat Jul 15 13:55:16 2017
Copied K:\Drive\Projects\Lattice FPGA\Projects\template_project\template_project\template_project_Implmnt\synwork\template_project_m.srm to K:\Drive\Projects\Lattice FPGA\Projects\template_project\template_project\template_project_Implmnt\template_project.srm

fpga_mapper completed with warnings
# Sat Jul 15 13:55:18 2017

Return Code: 1
Run Time:00h:00m:02s
Complete: Map on template_project_syn|template_project_Implmnt
Complete: Logic Synthesis on template_project_syn|template_project_Implmnt

exit status=0

exit status=0

